<?xml version="1.0" encoding="UTF-8"?>
<coverage generated="1594352995058" clover="3.2.0">
  <project timestamp="1594352995058" name="All files">
    <metrics statements="21" coveredstatements="21" conditionals="11" coveredconditionals="8" methods="6" coveredmethods="6" elements="38" coveredelements="35" complexity="0" loc="21" ncloc="21" packages="1" files="1" classes="1"/>
    <file name="index.js" path="/Users/abarbaneld/Library/Mobile Documents/com~apple~CloudDocs/Workspace/fluid.logger/index.js">
      <metrics statements="21" coveredstatements="21" conditionals="11" coveredconditionals="8" methods="6" coveredmethods="6"/>
      <line num="1" count="1" type="stmt"/>
      <line num="2" count="1" type="stmt"/>
      <line num="3" count="1" type="stmt"/>
      <line num="12" count="1" type="stmt"/>
      <line num="18" count="1" type="cond" truecount="1" falsecount="1"/>
      <line num="19" count="1" type="stmt"/>
      <line num="21" count="3" type="stmt"/>
      <line num="24" count="4" type="stmt"/>
      <line num="25" count="4" type="stmt"/>
      <line num="28" count="4" type="cond" truecount="2" falsecount="0"/>
      <line num="29" count="2" type="stmt"/>
      <line num="30" count="2" type="stmt"/>
      <line num="34" count="4" type="cond" truecount="2" falsecount="0"/>
      <line num="35" count="1" type="stmt"/>
      <line num="36" count="1" type="stmt"/>
      <line num="40" count="4" type="cond" truecount="2" falsecount="0"/>
      <line num="41" count="3" type="stmt"/>
      <line num="42" count="3" type="stmt"/>
      <line num="46" count="4" type="cond" truecount="1" falsecount="1"/>
      <line num="47" count="4" type="stmt"/>
      <line num="48" count="4" type="stmt"/>
    </file>
  </project>
</coverage>
