{"/Users/abarbaneld/Library/Mobile Documents/com~apple~CloudDocs/Workspace/fluid.logger/index.js": {"path":"/Users/abarbaneld/Library/Mobile Documents/com~apple~CloudDocs/Workspace/fluid.logger/index.js","statementMap":{"0":{"start":{"line":1,"column":15},"end":{"line":1,"column":31}},"1":{"start":{"line":2,"column":15},"end":{"line":2,"column":32}},"2":{"start":{"line":3,"column":15},"end":{"line":3,"column":32}},"3":{"start":{"line":12,"column":15},"end":{"line":17,"column":1}},"4":{"start":{"line":18,"column":15},"end":{"line":18,"column":86}},"5":{"start":{"line":19,"column":0},"end":{"line":51,"column":1}},"6":{"start":{"line":21,"column":8},"end":{"line":21,"column":26}},"7":{"start":{"line":24,"column":8},"end":{"line":24,"column":118}},"8":{"start":{"line":25,"column":8},"end":{"line":25,"column":43}},"9":{"start":{"line":28,"column":8},"end":{"line":31,"column":9}},"10":{"start":{"line":29,"column":12},"end":{"line":29,"column":123}},"11":{"start":{"line":30,"column":12},"end":{"line":30,"column":47}},"12":{"start":{"line":34,"column":8},"end":{"line":37,"column":9}},"13":{"start":{"line":35,"column":12},"end":{"line":35,"column":123}},"14":{"start":{"line":36,"column":12},"end":{"line":36,"column":47}},"15":{"start":{"line":40,"column":8},"end":{"line":43,"column":9}},"16":{"start":{"line":41,"column":12},"end":{"line":41,"column":124}},"17":{"start":{"line":42,"column":12},"end":{"line":42,"column":47}},"18":{"start":{"line":46,"column":8},"end":{"line":49,"column":9}},"19":{"start":{"line":47,"column":12},"end":{"line":47,"column":122}},"20":{"start":{"line":48,"column":12},"end":{"line":48,"column":47}}},"fnMap":{"0":{"name":"(anonymous_0)","decl":{"start":{"line":20,"column":9},"end":{"line":20,"column":10}},"loc":{"start":{"line":20,"column":35},"end":{"line":22,"column":5}},"line":20},"1":{"name":"(anonymous_1)","decl":{"start":{"line":23,"column":9},"end":{"line":23,"column":10}},"loc":{"start":{"line":23,"column":21},"end":{"line":26,"column":5}},"line":23},"2":{"name":"(anonymous_2)","decl":{"start":{"line":27,"column":10},"end":{"line":27,"column":11}},"loc":{"start":{"line":27,"column":22},"end":{"line":32,"column":5}},"line":27},"3":{"name":"(anonymous_3)","decl":{"start":{"line":33,"column":11},"end":{"line":33,"column":12}},"loc":{"start":{"line":33,"column":23},"end":{"line":38,"column":5}},"line":33},"4":{"name":"(anonymous_4)","decl":{"start":{"line":39,"column":10},"end":{"line":39,"column":11}},"loc":{"start":{"line":39,"column":22},"end":{"line":44,"column":5}},"line":39},"5":{"name":"(anonymous_5)","decl":{"start":{"line":45,"column":11},"end":{"line":45,"column":12}},"loc":{"start":{"line":45,"column":23},"end":{"line":50,"column":5}},"line":45}},"branchMap":{"0":{"loc":{"start":{"line":18,"column":15},"end":{"line":18,"column":86}},"type":"cond-expr","locations":[{"start":{"line":18,"column":47},"end":{"line":18,"column":76}},{"start":{"line":18,"column":79},"end":{"line":18,"column":86}}],"line":18},"1":{"loc":{"start":{"line":20,"column":18},"end":{"line":20,"column":34}},"type":"default-arg","locations":[{"start":{"line":20,"column":27},"end":{"line":20,"column":34}}],"line":20},"2":{"loc":{"start":{"line":28,"column":8},"end":{"line":31,"column":9}},"type":"if","locations":[{"start":{"line":28,"column":8},"end":{"line":31,"column":9}},{"start":{"line":28,"column":8},"end":{"line":31,"column":9}}],"line":28},"3":{"loc":{"start":{"line":34,"column":8},"end":{"line":37,"column":9}},"type":"if","locations":[{"start":{"line":34,"column":8},"end":{"line":37,"column":9}},{"start":{"line":34,"column":8},"end":{"line":37,"column":9}}],"line":34},"4":{"loc":{"start":{"line":40,"column":8},"end":{"line":43,"column":9}},"type":"if","locations":[{"start":{"line":40,"column":8},"end":{"line":43,"column":9}},{"start":{"line":40,"column":8},"end":{"line":43,"column":9}}],"line":40},"5":{"loc":{"start":{"line":46,"column":8},"end":{"line":49,"column":9}},"type":"if","locations":[{"start":{"line":46,"column":8},"end":{"line":49,"column":9}},{"start":{"line":46,"column":8},"end":{"line":49,"column":9}}],"line":46}},"s":{"0":1,"1":1,"2":1,"3":1,"4":1,"5":1,"6":3,"7":4,"8":4,"9":4,"10":2,"11":2,"12":4,"13":1,"14":1,"15":4,"16":3,"17":3,"18":4,"19":4,"20":4},"f":{"0":3,"1":4,"2":4,"3":4,"4":4,"5":4},"b":{"0":[0,1],"1":[0],"2":[2,2],"3":[1,3],"4":[3,1],"5":[4,0]},"_coverageSchema":"1a1c01bbd47fc00a2c39e90264f33305004495a9","hash":"4774a560c2d3a3b2221abf0a5fab4c0a9907da03"}
}
