TN:
SF:index.js
FN:20,(anonymous_0)
FN:23,(anonymous_1)
FN:27,(anonymous_2)
FN:33,(anonymous_3)
FN:39,(anonymous_4)
FN:45,(anonymous_5)
FNF:6
FNH:6
FNDA:3,(anonymous_0)
FNDA:4,(anonymous_1)
FNDA:4,(anonymous_2)
FNDA:4,(anonymous_3)
FNDA:4,(anonymous_4)
FNDA:4,(anonymous_5)
DA:1,1
DA:2,1
DA:3,1
DA:12,1
DA:18,1
DA:19,1
DA:21,3
DA:24,4
DA:25,4
DA:28,4
DA:29,2
DA:30,2
DA:34,4
DA:35,1
DA:36,1
DA:40,4
DA:41,3
DA:42,3
DA:46,4
DA:47,4
DA:48,4
LF:21
LH:21
BRDA:18,0,0,0
BRDA:18,0,1,1
BRDA:20,1,0,0
BRDA:28,2,0,2
BRDA:28,2,1,2
BRDA:34,3,0,1
BRDA:34,3,1,3
BRDA:40,4,0,3
BRDA:40,4,1,1
BRDA:46,5,0,4
BRDA:46,5,1,0
BRF:11
BRH:8
end_of_record
